  main.cpp
C:\Users\Bobby\Documents\Coding\C++\Project_Euler\Questions\Q251-Q300\q265.h(28,45): warning C4244: '=': conversion from 'double' to 'unsigned int', possible loss of data
C:\Users\Bobby\Documents\Coding\C++\Project_Euler\Header_Files\test.h(18,23): warning C4244: 'initializing': conversion from 'double' to '__int64', possible loss of data
C:\Users\Bobby\Documents\Coding\C++\Project_Euler\Header_Files\test.h(23,53): warning C4244: 'argument': conversion from '__int64' to 'int', possible loss of data
C:\Users\Bobby\Documents\Coding\C++\Project_Euler\Questions\q51-q100\q51.h(74,33): warning C4101: 'new_num': unreferenced local variable
C:\Users\Bobby\Documents\Coding\C++\Project_Euler\Questions\q51-q100\q52.h(33,28): warning C4244: '=': conversion from 'double' to 'int', possible loss of data
C:\Users\Bobby\Documents\Coding\C++\Project_Euler\Questions\q51-q100\q54.h(22,22): warning C4244: 'initializing': conversion from '__int64' to 'uint8_t', possible loss of data
C:\Users\Bobby\Documents\Coding\C++\Project_Euler\Header_Files\BigInt.h(120,1): warning C4267: 'initializing': conversion from 'size_t' to 'int', possible loss of data
C:\Users\Bobby\Documents\Coding\C++\Project_Euler\Header_Files\BigInt.h(168,1): warning C4267: 'initializing': conversion from 'size_t' to 'int', possible loss of data
C:\Users\Bobby\Documents\Coding\C++\Project_Euler\Header_Files\BigInt.h(191,1): warning C4267: 'initializing': conversion from 'size_t' to 'int', possible loss of data
C:\Users\Bobby\Documents\Coding\C++\Project_Euler\Header_Files\BigInt.h(238,1): warning C4267: 'initializing': conversion from 'size_t' to 'int', possible loss of data
C:\Users\Bobby\Documents\Coding\C++\Project_Euler\Header_Files\BigInt.h(259,1): warning C4267: 'initializing': conversion from 'size_t' to 'int', possible loss of data
C:\Users\Bobby\Documents\Coding\C++\Project_Euler\Header_Files\BigInt.h(310,1): warning C4267: 'initializing': conversion from 'size_t' to 'int', possible loss of data
C:\Users\Bobby\Documents\Coding\C++\Project_Euler\Questions\q51-q100\q63.h(16,22): warning C4244: 'argument': conversion from 'int' to 'float', possible loss of data
C:\Users\Bobby\Documents\Coding\C++\Project_Euler\Questions\q51-q100\q66.h(39,41): warning C4244: 'argument': conversion from '__int64' to '_Ty', possible loss of data
          with
          [
              _Ty=int
          ]
C:\Users\Bobby\Documents\Coding\C++\Project_Euler\Questions\q51-q100\q66.h(43,4): warning C4267: 'initializing': conversion from 'size_t' to 'int', possible loss of data
C:\Users\Bobby\Documents\Coding\C++\Project_Euler\Questions\q51-q100\q70.h(45,30): warning C4244: 'argument': conversion from '__int64' to 'int', possible loss of data
C:\Users\Bobby\Documents\Coding\C++\Project_Euler\Questions\q51-q100\q70.h(45,25): warning C4244: 'argument': conversion from '__int64' to 'int', possible loss of data
C:\Users\Bobby\Documents\Coding\C++\Project_Euler\Questions\q51-q100\q70.h(49,15): warning C4244: '=': conversion from '__int64' to 'int', possible loss of data
C:\Users\Bobby\Documents\Coding\C++\Project_Euler\Questions\q51-q100\q75.h(51,47): warning C4244: '=': conversion from 'double' to 'int', possible loss of data
C:\Users\Bobby\Documents\Coding\C++\Project_Euler\Questions\q51-q100\q79.h(54,41): warning C4244: '+=': conversion from '__int64' to 'int', possible loss of data
C:\Users\Bobby\Documents\Coding\C++\Project_Euler\Questions\q51-q100\q80.h(15,14): warning C4244: 'initializing': conversion from 'double' to 'int', possible loss of data
C:\Users\Bobby\Documents\Coding\C++\Project_Euler\Questions\q51-q100\q85.h(38,27): warning C4244: '=': conversion from '_Ty' to 'int', possible loss of data
          with
          [
              _Ty=__int64
          ]
C:\Users\Bobby\Documents\Coding\C++\Project_Euler\Questions\q51-q100\q85.h(45,28): warning C4244: '=': conversion from '_Ty' to 'int', possible loss of data
          with
          [
              _Ty=__int64
          ]
C:\Users\Bobby\Documents\Coding\C++\Project_Euler\Questions\q51-q100\q85.h(50,31): warning C4244: '=': conversion from '_Ty' to 'int', possible loss of data
          with
          [
              _Ty=__int64
          ]
C:\Users\Bobby\Documents\Coding\C++\Project_Euler\Questions\q51-q100\q87.h(18,38): warning C4244: 'argument': conversion from 'double' to 'int', possible loss of data
C:\Users\Bobby\Documents\Coding\C++\Project_Euler\Questions\q51-q100\q87.h(62,25): warning C4267: '=': conversion from 'size_t' to 'int', possible loss of data
  Generating code
  1 of 189 functions ( 0.5%) were compiled, the rest were copied from previous compilation.
    0 functions were new in current compilation
    1 functions had inline decision re-evaluated but remain unchanged
  Finished generating code
  Project_Euler.vcxproj -> C:\Users\Bobby\Documents\Coding\C++\Project_Euler\x64\Release\Project_Euler.exe
