  main.cpp
C:\Users\Bobby\Documents\Coding\C++\Project_Euler\q5.h(15,20): warning C4018: '<': signed/unsigned mismatch
C:\Users\Bobby\Documents\Coding\C++\Project_Euler\q5.h(19,21): warning C4018: '<': signed/unsigned mismatch
C:\Users\Bobby\Documents\Coding\C++\Project_Euler\q5.h(25,20): warning C4018: '<': signed/unsigned mismatch
C:\Users\Bobby\Documents\Coding\C++\Project_Euler\q5.h(26,38): warning C4244: '*=': conversion from 'double' to 'int', possible loss of data
C:\Users\Bobby\Documents\Coding\C++\Project_Euler\q8.h(45,21): warning C4018: '<': signed/unsigned mismatch
C:\Users\Bobby\Documents\Coding\C++\Project_Euler\q10.h(13,20): warning C4018: '<': signed/unsigned mismatch
C:\Users\Bobby\Documents\Coding\C++\Project_Euler\q11.h(32,24): warning C4018: '<': signed/unsigned mismatch
C:\Users\Bobby\Documents\Coding\C++\Project_Euler\q11.h(34,25): warning C4018: '<': signed/unsigned mismatch
C:\Users\Bobby\Documents\Coding\C++\Project_Euler\q11.h(37,12): warning C4018: '<=': signed/unsigned mismatch
C:\Users\Bobby\Documents\Coding\C++\Project_Euler\q11.h(44,12): warning C4018: '<=': signed/unsigned mismatch
C:\Users\Bobby\Documents\Coding\C++\Project_Euler\q13.h(50,20): warning C4018: '<': signed/unsigned mismatch
C:\Users\Bobby\Documents\Coding\C++\Project_Euler\q13.h(86,21): warning C4018: '<': signed/unsigned mismatch
C:\Users\Bobby\Documents\Coding\C++\Project_Euler\q13.h(92,21): warning C4018: '<': signed/unsigned mismatch
C:\Users\Bobby\Documents\Coding\C++\Project_Euler\q13.h(99,23): warning C4018: '<': signed/unsigned mismatch
C:\Users\Bobby\Documents\Coding\C++\Project_Euler\q14.h(41,21): warning C4018: '<': signed/unsigned mismatch
C:\Users\Bobby\Documents\Coding\C++\Project_Euler\q14.h(52,20): warning C4244: '=': conversion from '__int64' to 'int', possible loss of data
C:\Users\Bobby\Documents\Coding\C++\Project_Euler\q16.h(21,20): warning C4018: '<': signed/unsigned mismatch
C:\Users\Bobby\Documents\Coding\C++\Project_Euler\q17.h(19,43): warning C4018: '<': signed/unsigned mismatch
C:\Users\Bobby\Documents\Coding\C++\Project_Euler\q17.h(22,38): warning C4018: '<': signed/unsigned mismatch
C:\Users\Bobby\Documents\Coding\C++\Project_Euler\q17.h(25,38): warning C4018: '<': signed/unsigned mismatch
C:\Users\Bobby\Documents\Coding\C++\Project_Euler\q18.h(42,25): warning C4018: '<': signed/unsigned mismatch
C:\Users\Bobby\Documents\Coding\C++\Project_Euler\q20.h(16,20): warning C4018: '<': signed/unsigned mismatch
C:\Users\Bobby\Documents\Coding\C++\Project_Euler\q21.h(19,20): warning C4018: '<': signed/unsigned mismatch
C:\Users\Bobby\Documents\Coding\C++\Project_Euler\q22.h(16,21): warning C4018: '<': signed/unsigned mismatch
C:\Users\Bobby\Documents\Coding\C++\Project_Euler\q22.h(25,21): warning C4018: '<': signed/unsigned mismatch
C:\Users\Bobby\Documents\Coding\C++\Project_Euler\q22.h(69,22): warning C4018: '<': signed/unsigned mismatch
C:\Users\Bobby\Documents\Coding\C++\Project_Euler\q22.h(83,20): warning C4018: '<': signed/unsigned mismatch
C:\Users\Bobby\Documents\Coding\C++\Project_Euler\q22.h(86,21): warning C4018: '<': signed/unsigned mismatch
C:\Users\Bobby\Documents\Coding\C++\Project_Euler\master1-50.h(53,20): warning C4018: '<': signed/unsigned mismatch
  Generating code
  1 of 675 functions ( 0.1%) were compiled, the rest were copied from previous compilation.
    0 functions were new in current compilation
    1 functions had inline decision re-evaluated but remain unchanged
  Finished generating code
  Project_Euler.vcxproj -> C:\Users\Bobby\Documents\Coding\C++\Project_Euler\Release\Project_Euler.exe
